<?xml version="1.0" encoding="UTF-8"?>
<!-- Generated by org.testng.reporters.JUnitXMLReporter -->
<testsuite hostname="E4ML35540" ignored="0" name="Selenium 3.0" tests="2" failures="1" timestamp="2020-08-16T12:22:57 CDT" time="15.476" errors="0">
  <testcase name="InValidSignIn" time="14.28" classname="Selenium201.SignIn"/>
  <testcase name="InValidSignIn" time="14.591" classname="Selenium201.SignIn">
    <failure type="java.lang.RuntimeException" message="Unexpected result for screenshot command: null">
      <![CDATA[java.lang.RuntimeException: Unexpected result for screenshot command: null
at org.openqa.selenium.remote.RemoteWebDriver.getScreenshotAs(RemoteWebDriver.java:312)
at resources.base.captureScreenshot(base.java:97)
at Selenium201.Listeners.onTestSuccess(Listeners.java:22)
at java.util.ArrayList.forEach(Unknown Source)
... Removed 24 stack frames]]>
    </failure>
  </testcase> <!-- InValidSignIn -->
</testsuite> <!-- Selenium 3.0 -->
